Listening for transport dt_socket at address: 8000
21:14:28,630 INFO  ~ Starting C:\Play\Projetos\yabe
:: loading settings :: url = jar:file:/C:/play1-1.3.0/framework/lib/ivy-2.3.0.jar!/org/apache/ivy/core/settings/ivysettings.xml
21:14:29,286 INFO  ~ Module crud is available (C:\play1-1.3.0\modules\crud)
21:14:30,802 WARN  ~ You're running Play! in DEV mode
~
~ Go to http://localhost:9000/@tests to run the tests
~
21:14:30,942 INFO  ~ Listening for HTTP on port 9000 (Waiting a first request to start) ...
~ Server is up and running
21:14:42,680 INFO  ~ Connected to jdbc:h2:mem:play;MODE=MYSQL;LOCK_MODE=0 for default
21:14:43,946 ERROR ~ HHH000389: Unsuccessful: alter table Comment drop constraint FK_apirq8ka64iidc18f3k6x5tc5
21:14:43,946 ERROR ~ Table "COMMENT" not found; SQL statement:
alter table Comment drop constraint FK_apirq8ka64iidc18f3k6x5tc5 [42102-176]
21:14:43,946 ERROR ~ HHH000389: Unsuccessful: alter table Post drop constraint FK_m7j5gwmpa7dklv5bnc41ertmi
21:14:43,946 ERROR ~ Table "POST" not found; SQL statement:
alter table Post drop constraint FK_m7j5gwmpa7dklv5bnc41ertmi [42102-176]
21:14:43,946 ERROR ~ HHH000389: Unsuccessful: alter table Post_Tag drop constraint FK_t0ml4xx4nhnqjwrhxugwlvrpm
21:14:43,946 ERROR ~ Table "POST_TAG" not found; SQL statement:
alter table Post_Tag drop constraint FK_t0ml4xx4nhnqjwrhxugwlvrpm [42102-176]
21:14:43,946 ERROR ~ HHH000389: Unsuccessful: alter table Post_Tag drop constraint FK_ex1oknil4le2tootduvjnllp6
21:14:43,946 ERROR ~ Table "POST_TAG" not found; SQL statement:
alter table Post_Tag drop constraint FK_ex1oknil4le2tootduvjnllp6 [42102-176]
21:14:44,071 INFO  ~ Application 'yabe' is now started !
@KILLED
